2020-12-13 21:39:01,358 INFO  [Log] Application opened 
2020-12-13 21:39:07,738 INFO  [Log] Login completed 
2020-12-13 21:39:07,948 INFO  [Log] Logout completed 
2020-12-13 21:39:08,432 INFO  [Log] Application closed 
2020-12-13 21:39:14,891 INFO  [Log] Application opened 
2020-12-13 21:39:17,904 INFO  [Log] Login completed 
2020-12-13 21:39:17,905 INFO  [Log] Adding new emp 
2020-12-13 21:39:17,905 INFO  [Log] Deleted emp 
2020-12-13 21:39:18,091 INFO  [Log] Logout completed 
2020-12-13 21:39:18,311 INFO  [Log] Application closed 
2020-12-13 21:39:56,760 INFO  [Log] Application opened 
2020-12-13 21:40:00,586 INFO  [Log] Login completed 
2020-12-13 21:40:00,795 INFO  [Log] Logout completed 
2020-12-13 21:40:01,023 INFO  [Log] Application closed 
2020-12-16 19:51:32,869 INFO  [Log] Application opened 
2020-12-16 19:52:09,533 INFO  [Log] Login completed 
2020-12-16 19:52:09,534 INFO  [Log] Adding new emp 
2020-12-16 19:52:09,534 INFO  [Log] Deleted emp 
2020-12-16 19:52:09,781 INFO  [Log] Logout completed 
2020-12-16 19:52:10,134 INFO  [Log] Application closed 
2020-12-16 19:52:15,384 INFO  [Log] Application opened 
2020-12-16 19:52:20,330 INFO  [Log] Login completed 
2020-12-16 19:52:20,562 INFO  [Log] Logout completed 
2020-12-16 19:52:20,851 INFO  [Log] Application closed 
2020-12-16 21:45:28,223 INFO  [Log] Application opened 
2020-12-16 21:45:39,748 INFO  [Log] Login completed 
2020-12-16 21:45:40,115 INFO  [Log] Logout completed 
2020-12-16 21:45:40,866 INFO  [Log] Application closed 
2020-12-16 21:45:49,261 INFO  [Log] Application opened 
2020-12-16 21:45:56,660 INFO  [Log] Login completed 
2020-12-16 21:45:56,660 INFO  [Log] Adding new emp 
2020-12-16 21:45:56,661 INFO  [Log] Deleted emp 
2020-12-16 21:45:57,015 INFO  [Log] Logout completed 
2020-12-16 21:45:57,454 INFO  [Log] Application closed 
2020-12-17 12:24:10,338 INFO  [Log] Application opened 
2020-12-17 12:24:36,516 INFO  [Log] Login completed 
2020-12-17 12:24:36,717 INFO  [Log] Logout completed 
2020-12-17 12:24:37,133 INFO  [Log] Application closed 
2020-12-17 12:24:42,475 INFO  [Log] Application opened 
2020-12-17 12:24:47,491 INFO  [Log] Login completed 
2020-12-17 12:24:47,491 INFO  [Log] Adding new emp 
2020-12-17 12:24:47,492 INFO  [Log] Deleted emp 
2020-12-17 12:24:47,698 INFO  [Log] Logout completed 
2020-12-17 12:24:47,898 INFO  [Log] Application closed 
